<?xml version="1.0" encoding="UTF-8"?>
<testng-results skipped="2" failed="0" total="2" passed="0">
  <reporter-output>
  </reporter-output>
  <suite name="TestNG Online Learning" duration-ms="161" started-at="2018-03-30T17:41:51Z" finished-at="2018-03-30T17:41:52Z">
    <groups>
    </groups>
    <test name="Login_test" duration-ms="34" started-at="2018-03-30T17:41:51Z" finished-at="2018-03-30T17:41:52Z">
      <class name="dd_testcases.LoginTest">
        <test-method status="SKIP" signature="isSkip()[pri:0, instance:dd_testcases.LoginTest@3ac3fd8b]" name="isSkip" is-config="true" duration-ms="0" started-at="2018-03-30T23:11:51Z" finished-at="2018-03-30T23:11:51Z">
          <reporter-output>
          </reporter-output>
        </test-method> <!-- isSkip -->
        <test-method status="SKIP" signature="doLogin(java.lang.String, java.lang.String)[pri:0, instance:dd_testcases.LoginTest@3ac3fd8b]" name="doLogin" duration-ms="0" started-at="2018-03-30T23:11:52Z" data-provider="getData" finished-at="2018-03-30T23:11:52Z">
          <exception class="java.lang.RuntimeException">
            <message>
              <![CDATA[java.lang.NullPointerException]]>
            </message>
            <full-stacktrace>
              <![CDATA[java.lang.RuntimeException: java.lang.NullPointerException
	at org.testng.internal.MethodInvocationHelper.invokeDataProvider(MethodInvocationHelper.java:162)
	at org.testng.internal.Parameters.handleParameters(Parameters.java:430)
	at org.testng.internal.Invoker.handleParameters(Invoker.java:1270)
	at org.testng.internal.Invoker.createParameters(Invoker.java:985)
	at org.testng.internal.Invoker.invokeTestMethods(Invoker.java:1075)
	at org.testng.internal.TestMethodWorker.invokeTestMethods(TestMethodWorker.java:125)
	at org.testng.internal.TestMethodWorker.run(TestMethodWorker.java:108)
	at org.testng.TestRunner.privateRun(TestRunner.java:774)
	at org.testng.TestRunner.run(TestRunner.java:624)
	at org.testng.SuiteRunner.runTest(SuiteRunner.java:359)
	at org.testng.SuiteRunner.runSequentially(SuiteRunner.java:354)
	at org.testng.SuiteRunner.privateRun(SuiteRunner.java:312)
	at org.testng.SuiteRunner.run(SuiteRunner.java:261)
	at org.testng.SuiteRunnerWorker.runSuite(SuiteRunnerWorker.java:52)
	at org.testng.SuiteRunnerWorker.run(SuiteRunnerWorker.java:86)
	at org.testng.TestNG.runSuitesSequentially(TestNG.java:1215)
	at org.testng.TestNG.runSuitesLocally(TestNG.java:1140)
	at org.testng.TestNG.run(TestNG.java:1048)
	at org.testng.TestNG.privateMain(TestNG.java:1355)
	at org.testng.TestNG.main(TestNG.java:1324)
Caused by: java.lang.NullPointerException
	at dd_util.Xls_Reader.getRowCount(Xls_Reader.java:55)
	at dd_util.TestUtil.getData(TestUtil.java:94)
	at dd_testcases.LoginTest.getData(LoginTest.java:50)
	at sun.reflect.NativeMethodAccessorImpl.invoke0(Native Method)
	at sun.reflect.NativeMethodAccessorImpl.invoke(NativeMethodAccessorImpl.java:62)
	at sun.reflect.DelegatingMethodAccessorImpl.invoke(DelegatingMethodAccessorImpl.java:43)
	at java.lang.reflect.Method.invoke(Method.java:498)
	at org.testng.internal.MethodInvocationHelper.invokeMethod(MethodInvocationHelper.java:85)
	at org.testng.internal.MethodInvocationHelper.invokeDataProvider(MethodInvocationHelper.java:136)
	... 19 more
]]>
            </full-stacktrace>
          </exception> <!-- java.lang.RuntimeException -->
          <reporter-output>
          </reporter-output>
        </test-method> <!-- doLogin -->
      </class> <!-- dd_testcases.LoginTest -->
    </test> <!-- Login_test -->
    <test name="Testtitle" duration-ms="2" started-at="2018-03-30T17:41:52Z" finished-at="2018-03-30T17:41:52Z">
      <class name="dd_testcases.Testtitle">
        <test-method status="FAIL" signature="init()[pri:0, instance:dd_testcases.Testtitle@71be98f5]" name="init" is-config="true" duration-ms="0" started-at="2018-03-30T23:11:02Z" finished-at="2018-03-30T23:11:02Z">
          <exception class="org.openqa.selenium.WebDriverException">
            <message>
              <![CDATA[Failed to connect to binary FirefoxBinary(C:\Program Files (x86)\Mozilla Firefox\firefox.exe) on port 7055; process output follows: 
isible":true,"active":true,"userDisabled":false,"appDisabled":false,"descriptor":"C:\\Program Files (x86)\\Mozilla Firefox\\browser\\extensions\\{972ce4c6-7e08-4474-a285-3208198ce6fd}.xpi","installDate":1483665713000,"updateDate":1483665713000,"applyBackgroundUpdates":1,"skinnable":true,"size":19702,"sourceURI":null,"releaseNotesURI":null,"softDisabled":false,"foreignInstall":false,"hasBinaryComponents":false,"strictCompatibility":true,"locales":[],"targetApplications":[{"id":"{ec8030f7-c20a-464f-9b0e-13a3a9e97384}","minVersion":"51.0","maxVersion":"51.0"}],"targetPlatforms":[],"seen":true,"dependencies":[],"hasEmbeddedWebExtension":false}
1522431669045	addons.xpi	DEBUG	getModTime: Recursive scan of {972ce4c6-7e08-4474-a285-3208198ce6fd}
1522431669047	DeferredSave.extensions.json	DEBUG	Save changes
1522431669048	addons.xpi	DEBUG	Updating database with changes to installed add-ons
1522431669048	addons.xpi-utils	DEBUG	Updating add-on states
1522431669050	addons.xpi-utils	DEBUG	Writing add-ons list
1522431669056	addons.xpi	DEBUG	Registering manifest for C:\Program Files (x86)\Mozilla Firefox\browser\features\aushelper@mozilla.org.xpi
1522431669057	addons.xpi	DEBUG	Calling bootstrap method startup on aushelper@mozilla.org version 1.0
1522431669060	addons.xpi	DEBUG	Registering manifest for C:\Program Files (x86)\Mozilla Firefox\browser\features\e10srollout@mozilla.org.xpi
1522431669062	addons.xpi	DEBUG	Calling bootstrap method startup on e10srollout@mozilla.org version 1.6
1522431669063	addons.xpi	DEBUG	Registering manifest for C:\Program Files (x86)\Mozilla Firefox\browser\features\firefox@getpocket.com.xpi
1522431669065	addons.xpi	DEBUG	Calling bootstrap method startup on firefox@getpocket.com version 1.0.5
1522431669066	addons.xpi	DEBUG	Registering manifest for C:\Program Files (x86)\Mozilla Firefox\browser\features\webcompat@mozilla.org.xpi
1522431669067	addons.xpi	DEBUG	Calling bootstrap method startup on webcompat@mozilla.org version 1.0
1522431669072	addons.manager	DEBUG	Registering shutdown blocker for XPIProvider
1522431669073	addons.manager	DEBUG	Provider finished startup: XPIProvider
1522431669074	addons.manager	DEBUG	Starting provider: LightweightThemeManager
1522431669074	addons.manager	DEBUG	Registering shutdown blocker for LightweightThemeManager
1522431669075	addons.manager	DEBUG	Provider finished startup: LightweightThemeManager
1522431669076	addons.manager	DEBUG	Starting provider: GMPProvider
1522431669091	addons.manager	DEBUG	Registering shutdown blocker for GMPProvider
1522431669092	addons.manager	DEBUG	Provider finished startup: GMPProvider
1522431669092	addons.manager	DEBUG	Starting provider: PluginProvider
1522431669094	addons.manager	DEBUG	Registering shutdown blocker for PluginProvider
1522431669094	addons.manager	DEBUG	Provider finished startup: PluginProvider
1522431669095	addons.manager	DEBUG	Completed startup sequence
1522431672207	addons.manager	DEBUG	Starting provider: <unnamed-provider>
1522431672209	addons.manager	DEBUG	Registering shutdown blocker for <unnamed-provider>
1522431672210	addons.manager	DEBUG	Provider finished startup: <unnamed-provider>
1522431673258	DeferredSave.extensions.json	DEBUG	Write succeeded
1522431673258	addons.xpi-utils	DEBUG	XPI Database saved, setting schema version preference to 19
1522431673258	DeferredSave.extensions.json	DEBUG	Starting timer
1522431673372	DeferredSave.extensions.json	DEBUG	Starting write
1522431673415	addons.repository	DEBUG	No addons.json found.
1522431673417	DeferredSave.addons.json	DEBUG	Save changes
1522431673430	DeferredSave.addons.json	DEBUG	Starting timer
1522431673592	addons.manager	DEBUG	Starting provider: PreviousExperimentProvider
1522431673592	addons.manager	DEBUG	Registering shutdown blocker for PreviousExperimentProvider
1522431673593	addons.manager	DEBUG	Provider finished startup: PreviousExperimentProvider
1522431673601	DeferredSave.addons.json	DEBUG	Starting write
1522431673759	DeferredSave.extensions.json	DEBUG	Write succeeded
1522431673838	DeferredSave.addons.json	DEBUG	Write succeeded

Build info: version: '2.53.0', revision: '35ae25b', time: '2016-03-15 16:57:40'
System info: host: 'U2-IT-NB211', ip: '192.168.43.187', os.name: 'Windows 8.1', os.arch: 'amd64', os.version: '6.3', java.version: '1.8.0_162'
Driver info: driver.version: FirefoxDriver]]>
            </message>
            <full-stacktrace>
              <![CDATA[org.openqa.selenium.WebDriverException: Failed to connect to binary FirefoxBinary(C:\Program Files (x86)\Mozilla Firefox\firefox.exe) on port 7055; process output follows: 
isible":true,"active":true,"userDisabled":false,"appDisabled":false,"descriptor":"C:\\Program Files (x86)\\Mozilla Firefox\\browser\\extensions\\{972ce4c6-7e08-4474-a285-3208198ce6fd}.xpi","installDate":1483665713000,"updateDate":1483665713000,"applyBackgroundUpdates":1,"skinnable":true,"size":19702,"sourceURI":null,"releaseNotesURI":null,"softDisabled":false,"foreignInstall":false,"hasBinaryComponents":false,"strictCompatibility":true,"locales":[],"targetApplications":[{"id":"{ec8030f7-c20a-464f-9b0e-13a3a9e97384}","minVersion":"51.0","maxVersion":"51.0"}],"targetPlatforms":[],"seen":true,"dependencies":[],"hasEmbeddedWebExtension":false}
1522431669045	addons.xpi	DEBUG	getModTime: Recursive scan of {972ce4c6-7e08-4474-a285-3208198ce6fd}
1522431669047	DeferredSave.extensions.json	DEBUG	Save changes
1522431669048	addons.xpi	DEBUG	Updating database with changes to installed add-ons
1522431669048	addons.xpi-utils	DEBUG	Updating add-on states
1522431669050	addons.xpi-utils	DEBUG	Writing add-ons list
1522431669056	addons.xpi	DEBUG	Registering manifest for C:\Program Files (x86)\Mozilla Firefox\browser\features\aushelper@mozilla.org.xpi
1522431669057	addons.xpi	DEBUG	Calling bootstrap method startup on aushelper@mozilla.org version 1.0
1522431669060	addons.xpi	DEBUG	Registering manifest for C:\Program Files (x86)\Mozilla Firefox\browser\features\e10srollout@mozilla.org.xpi
1522431669062	addons.xpi	DEBUG	Calling bootstrap method startup on e10srollout@mozilla.org version 1.6
1522431669063	addons.xpi	DEBUG	Registering manifest for C:\Program Files (x86)\Mozilla Firefox\browser\features\firefox@getpocket.com.xpi
1522431669065	addons.xpi	DEBUG	Calling bootstrap method startup on firefox@getpocket.com version 1.0.5
1522431669066	addons.xpi	DEBUG	Registering manifest for C:\Program Files (x86)\Mozilla Firefox\browser\features\webcompat@mozilla.org.xpi
1522431669067	addons.xpi	DEBUG	Calling bootstrap method startup on webcompat@mozilla.org version 1.0
1522431669072	addons.manager	DEBUG	Registering shutdown blocker for XPIProvider
1522431669073	addons.manager	DEBUG	Provider finished startup: XPIProvider
1522431669074	addons.manager	DEBUG	Starting provider: LightweightThemeManager
1522431669074	addons.manager	DEBUG	Registering shutdown blocker for LightweightThemeManager
1522431669075	addons.manager	DEBUG	Provider finished startup: LightweightThemeManager
1522431669076	addons.manager	DEBUG	Starting provider: GMPProvider
1522431669091	addons.manager	DEBUG	Registering shutdown blocker for GMPProvider
1522431669092	addons.manager	DEBUG	Provider finished startup: GMPProvider
1522431669092	addons.manager	DEBUG	Starting provider: PluginProvider
1522431669094	addons.manager	DEBUG	Registering shutdown blocker for PluginProvider
1522431669094	addons.manager	DEBUG	Provider finished startup: PluginProvider
1522431669095	addons.manager	DEBUG	Completed startup sequence
1522431672207	addons.manager	DEBUG	Starting provider: <unnamed-provider>
1522431672209	addons.manager	DEBUG	Registering shutdown blocker for <unnamed-provider>
1522431672210	addons.manager	DEBUG	Provider finished startup: <unnamed-provider>
1522431673258	DeferredSave.extensions.json	DEBUG	Write succeeded
1522431673258	addons.xpi-utils	DEBUG	XPI Database saved, setting schema version preference to 19
1522431673258	DeferredSave.extensions.json	DEBUG	Starting timer
1522431673372	DeferredSave.extensions.json	DEBUG	Starting write
1522431673415	addons.repository	DEBUG	No addons.json found.
1522431673417	DeferredSave.addons.json	DEBUG	Save changes
1522431673430	DeferredSave.addons.json	DEBUG	Starting timer
1522431673592	addons.manager	DEBUG	Starting provider: PreviousExperimentProvider
1522431673592	addons.manager	DEBUG	Registering shutdown blocker for PreviousExperimentProvider
1522431673593	addons.manager	DEBUG	Provider finished startup: PreviousExperimentProvider
1522431673601	DeferredSave.addons.json	DEBUG	Starting write
1522431673759	DeferredSave.extensions.json	DEBUG	Write succeeded
1522431673838	DeferredSave.addons.json	DEBUG	Write succeeded

Build info: version: '2.53.0', revision: '35ae25b', time: '2016-03-15 16:57:40'
System info: host: 'U2-IT-NB211', ip: '192.168.43.187', os.name: 'Windows 8.1', os.arch: 'amd64', os.version: '6.3', java.version: '1.8.0_162'
Driver info: driver.version: FirefoxDriver
	at org.openqa.selenium.firefox.internal.NewProfileExtensionConnection.start(NewProfileExtensionConnection.java:124)
	at org.openqa.selenium.firefox.FirefoxDriver.startClient(FirefoxDriver.java:271)
	at org.openqa.selenium.remote.RemoteWebDriver.<init>(RemoteWebDriver.java:119)
	at org.openqa.selenium.firefox.FirefoxDriver.<init>(FirefoxDriver.java:218)
	at org.openqa.selenium.firefox.FirefoxDriver.<init>(FirefoxDriver.java:211)
	at org.openqa.selenium.firefox.FirefoxDriver.<init>(FirefoxDriver.java:207)
	at org.openqa.selenium.firefox.FirefoxDriver.<init>(FirefoxDriver.java:120)
	at dd_core.Page.init(Page.java:53)
	at sun.reflect.NativeMethodAccessorImpl.invoke0(Native Method)
	at sun.reflect.NativeMethodAccessorImpl.invoke(NativeMethodAccessorImpl.java:62)
	at sun.reflect.DelegatingMethodAccessorImpl.invoke(DelegatingMethodAccessorImpl.java:43)
	at java.lang.reflect.Method.invoke(Method.java:498)
	at org.testng.internal.MethodInvocationHelper.invokeMethod(MethodInvocationHelper.java:85)
	at org.testng.internal.Invoker.invokeConfigurationMethod(Invoker.java:510)
	at org.testng.internal.Invoker.invokeConfigurations(Invoker.java:211)
	at org.testng.internal.Invoker.invokeConfigurations(Invoker.java:138)
	at org.testng.SuiteRunner.privateRun(SuiteRunner.java:298)
	at org.testng.SuiteRunner.run(SuiteRunner.java:261)
	at org.testng.SuiteRunnerWorker.runSuite(SuiteRunnerWorker.java:52)
	at org.testng.SuiteRunnerWorker.run(SuiteRunnerWorker.java:86)
	at org.testng.TestNG.runSuitesSequentially(TestNG.java:1215)
	at org.testng.TestNG.runSuitesLocally(TestNG.java:1140)
	at org.testng.TestNG.run(TestNG.java:1048)
	at org.testng.TestNG.privateMain(TestNG.java:1355)
	at org.testng.TestNG.main(TestNG.java:1324)
Caused by: org.openqa.selenium.firefox.NotConnectedException: Unable to connect to host 127.0.0.1 on port 7055 after 45000 ms. Firefox console output:
isible":true,"active":true,"userDisabled":false,"appDisabled":false,"descriptor":"C:\\Program Files (x86)\\Mozilla Firefox\\browser\\extensions\\{972ce4c6-7e08-4474-a285-3208198ce6fd}.xpi","installDate":1483665713000,"updateDate":1483665713000,"applyBackgroundUpdates":1,"skinnable":true,"size":19702,"sourceURI":null,"releaseNotesURI":null,"softDisabled":false,"foreignInstall":false,"hasBinaryComponents":false,"strictCompatibility":true,"locales":[],"targetApplications":[{"id":"{ec8030f7-c20a-464f-9b0e-13a3a9e97384}","minVersion":"51.0","maxVersion":"51.0"}],"targetPlatforms":[],"seen":true,"dependencies":[],"hasEmbeddedWebExtension":false}
1522431669045	addons.xpi	DEBUG	getModTime: Recursive scan of {972ce4c6-7e08-4474-a285-3208198ce6fd}
1522431669047	DeferredSave.extensions.json	DEBUG	Save changes
1522431669048	addons.xpi	DEBUG	Updating database with changes to installed add-ons
1522431669048	addons.xpi-utils	DEBUG	Updating add-on states
1522431669050	addons.xpi-utils	DEBUG	Writing add-ons list
1522431669056	addons.xpi	DEBUG	Registering manifest for C:\Program Files (x86)\Mozilla Firefox\browser\features\aushelper@mozilla.org.xpi
1522431669057	addons.xpi	DEBUG	Calling bootstrap method startup on aushelper@mozilla.org version 1.0
1522431669060	addons.xpi	DEBUG	Registering manifest for C:\Program Files (x86)\Mozilla Firefox\browser\features\e10srollout@mozilla.org.xpi
1522431669062	addons.xpi	DEBUG	Calling bootstrap method startup on e10srollout@mozilla.org version 1.6
1522431669063	addons.xpi	DEBUG	Registering manifest for C:\Program Files (x86)\Mozilla Firefox\browser\features\firefox@getpocket.com.xpi
1522431669065	addons.xpi	DEBUG	Calling bootstrap method startup on firefox@getpocket.com version 1.0.5
1522431669066	addons.xpi	DEBUG	Registering manifest for C:\Program Files (x86)\Mozilla Firefox\browser\features\webcompat@mozilla.org.xpi
1522431669067	addons.xpi	DEBUG	Calling bootstrap method startup on webcompat@mozilla.org version 1.0
1522431669072	addons.manager	DEBUG	Registering shutdown blocker for XPIProvider
1522431669073	addons.manager	DEBUG	Provider finished startup: XPIProvider
1522431669074	addons.manager	DEBUG	Starting provider: LightweightThemeManager
1522431669074	addons.manager	DEBUG	Registering shutdown blocker for LightweightThemeManager
1522431669075	addons.manager	DEBUG	Provider finished startup: LightweightThemeManager
1522431669076	addons.manager	DEBUG	Starting provider: GMPProvider
1522431669091	addons.manager	DEBUG	Registering shutdown blocker for GMPProvider
1522431669092	addons.manager	DEBUG	Provider finished startup: GMPProvider
1522431669092	addons.manager	DEBUG	Starting provider: PluginProvider
1522431669094	addons.manager	DEBUG	Registering shutdown blocker for PluginProvider
1522431669094	addons.manager	DEBUG	Provider finished startup: PluginProvider
1522431669095	addons.manager	DEBUG	Completed startup sequence
1522431672207	addons.manager	DEBUG	Starting provider: <unnamed-provider>
1522431672209	addons.manager	DEBUG	Registering shutdown blocker for <unnamed-provider>
1522431672210	addons.manager	DEBUG	Provider finished startup: <unnamed-provider>
1522431673258	DeferredSave.extensions.json	DEBUG	Write succeeded
1522431673258	addons.xpi-utils	DEBUG	XPI Database saved, setting schema version preference to 19
1522431673258	DeferredSave.extensions.json	DEBUG	Starting timer
1522431673372	DeferredSave.extensions.json	DEBUG	Starting write
1522431673415	addons.repository	DEBUG	No addons.json found.
1522431673417	DeferredSave.addons.json	DEBUG	Save changes
1522431673430	DeferredSave.addons.json	DEBUG	Starting timer
1522431673592	addons.manager	DEBUG	Starting provider: PreviousExperimentProvider
1522431673592	addons.manager	DEBUG	Registering shutdown blocker for PreviousExperimentProvider
1522431673593	addons.manager	DEBUG	Provider finished startup: PreviousExperimentProvider
1522431673601	DeferredSave.addons.json	DEBUG	Starting write
1522431673759	DeferredSave.extensions.json	DEBUG	Write succeeded
1522431673838	DeferredSave.addons.json	DEBUG	Write succeeded

	at org.openqa.selenium.firefox.internal.NewProfileExtensionConnection.start(NewProfileExtensionConnection.java:112)
	... 24 more
]]>
            </full-stacktrace>
          </exception> <!-- org.openqa.selenium.WebDriverException -->
          <reporter-output>
          </reporter-output>
        </test-method> <!-- init -->
        <test-method status="SKIP" signature="isSkip()[pri:0, instance:dd_testcases.Testtitle@71be98f5]" name="isSkip" is-config="true" duration-ms="0" started-at="2018-03-30T23:11:52Z" finished-at="2018-03-30T23:11:52Z">
          <reporter-output>
          </reporter-output>
        </test-method> <!-- isSkip -->
        <test-method status="SKIP" signature="doLogin(java.lang.String, java.lang.String)[pri:0, instance:dd_testcases.Testtitle@71be98f5]" name="doLogin" duration-ms="0" started-at="2018-03-30T23:11:52Z" data-provider="getData" finished-at="2018-03-30T23:11:52Z">
          <exception class="java.lang.RuntimeException">
            <message>
              <![CDATA[java.lang.NullPointerException]]>
            </message>
            <full-stacktrace>
              <![CDATA[java.lang.RuntimeException: java.lang.NullPointerException
	at org.testng.internal.MethodInvocationHelper.invokeDataProvider(MethodInvocationHelper.java:162)
	at org.testng.internal.Parameters.handleParameters(Parameters.java:430)
	at org.testng.internal.Invoker.handleParameters(Invoker.java:1270)
	at org.testng.internal.Invoker.createParameters(Invoker.java:985)
	at org.testng.internal.Invoker.invokeTestMethods(Invoker.java:1075)
	at org.testng.internal.TestMethodWorker.invokeTestMethods(TestMethodWorker.java:125)
	at org.testng.internal.TestMethodWorker.run(TestMethodWorker.java:108)
	at org.testng.TestRunner.privateRun(TestRunner.java:774)
	at org.testng.TestRunner.run(TestRunner.java:624)
	at org.testng.SuiteRunner.runTest(SuiteRunner.java:359)
	at org.testng.SuiteRunner.runSequentially(SuiteRunner.java:354)
	at org.testng.SuiteRunner.privateRun(SuiteRunner.java:312)
	at org.testng.SuiteRunner.run(SuiteRunner.java:261)
	at org.testng.SuiteRunnerWorker.runSuite(SuiteRunnerWorker.java:52)
	at org.testng.SuiteRunnerWorker.run(SuiteRunnerWorker.java:86)
	at org.testng.TestNG.runSuitesSequentially(TestNG.java:1215)
	at org.testng.TestNG.runSuitesLocally(TestNG.java:1140)
	at org.testng.TestNG.run(TestNG.java:1048)
	at org.testng.TestNG.privateMain(TestNG.java:1355)
	at org.testng.TestNG.main(TestNG.java:1324)
Caused by: java.lang.NullPointerException
	at dd_util.Xls_Reader.getRowCount(Xls_Reader.java:55)
	at dd_util.TestUtil.getData(TestUtil.java:94)
	at dd_testcases.Testtitle.getData(Testtitle.java:50)
	at sun.reflect.NativeMethodAccessorImpl.invoke0(Native Method)
	at sun.reflect.NativeMethodAccessorImpl.invoke(NativeMethodAccessorImpl.java:62)
	at sun.reflect.DelegatingMethodAccessorImpl.invoke(DelegatingMethodAccessorImpl.java:43)
	at java.lang.reflect.Method.invoke(Method.java:498)
	at org.testng.internal.MethodInvocationHelper.invokeMethod(MethodInvocationHelper.java:85)
	at org.testng.internal.MethodInvocationHelper.invokeDataProvider(MethodInvocationHelper.java:136)
	... 19 more
]]>
            </full-stacktrace>
          </exception> <!-- java.lang.RuntimeException -->
          <reporter-output>
          </reporter-output>
        </test-method> <!-- doLogin -->
        <test-method status="SKIP" signature="QuitDriver()[pri:0, instance:dd_testcases.Testtitle@71be98f5]" name="QuitDriver" is-config="true" duration-ms="0" started-at="2018-03-30T23:11:52Z" finished-at="2018-03-30T23:11:52Z">
          <reporter-output>
          </reporter-output>
        </test-method> <!-- QuitDriver -->
      </class> <!-- dd_testcases.Testtitle -->
    </test> <!-- Testtitle -->
  </suite> <!-- TestNG Online Learning -->
</testng-results>
